# JRE version: OpenJDK Runtime Environment (11.0.2+9) (build 11.0.2+9)
# Java VM: OpenJDK 64-Bit Server VM (11.0.2+9, mixed mode, tiered, compressed oops, g1 gc, windows-amd64)
Heap:
 garbage-first heap   total 92160K, used 69940K [0x0000000742000000, 0x0000000800000000)
  region size 1024K, 46 young (47104K), 2 survivors (2048K)
 Metaspace       used 57465K, capacity 58991K, committed 59216K, reserved 1101824K
  class space    used 7186K, capacity 7809K, committed 7936K, reserved 1048576K
GC Heap History (10 events):
Event: 5.010 GC heap after
{Heap after GC invocations=7 (full 0):
 garbage-first heap   total 194560K, used 12852K [0x0000000742000000, 0x0000000800000000)
  region size 1024K, 7 young (7168K), 7 survivors (7168K)
 Metaspace       used 27856K, capacity 28738K, committed 28848K, reserved 1075200K
  class space    used 3386K, capacity 3730K, committed 3840K, reserved 1048576K
}
Event: 6.377 GC heap before
{Heap before GC invocations=7 (full 0):
 garbage-first heap   total 194560K, used 89652K [0x0000000742000000, 0x0000000800000000)
  region size 1024K, 83 young (84992K), 7 survivors (7168K)
 Metaspace       used 34722K, capacity 35847K, committed 35920K, reserved 1081344K
  class space    used 4362K, capacity 4826K, committed 4864K, reserved 1048576K
}
Event: 6.397 GC heap after
{Heap after GC invocations=8 (full 0):
 garbage-first heap   total 194560K, used 16140K [0x0000000742000000, 0x0000000800000000)
  region size 1024K, 10 young (10240K), 10 survivors (10240K)
 Metaspace       used 34722K, capacity 35847K, committed 35920K, reserved 1081344K
  class space    used 4362K, capacity 4826K, committed 4864K, reserved 1048576K
}
Event: 6.792 GC heap before
{Heap before GC invocations=9 (full 0):
 garbage-first heap   total 194560K, used 121612K [0x0000000742000000, 0x0000000800000000)
  region size 1024K, 114 young (116736K), 10 survivors (10240K)
 Metaspace       used 37372K, capacity 38549K, committed 38736K, reserved 1083392K
  class space    used 4612K, capacity 5064K, committed 5120K, reserved 1048576K
}
Event: 6.811 GC heap after
{Heap after GC invocations=10 (full 0):
 garbage-first heap   total 233472K, used 20208K [0x0000000742000000, 0x0000000800000000)
  region size 1024K, 12 young (12288K), 12 survivors (12288K)
 Metaspace       used 37372K, capacity 38549K, committed 38736K, reserved 1083392K
  class space    used 4612K, capacity 5064K, committed 5120K, reserved 1048576K
}
Event: 9.118 GC heap before
{Heap before GC invocations=10 (full 0):
 garbage-first heap   total 233472K, used 147184K [0x0000000742000000, 0x0000000800000000)
  region size 1024K, 136 young (139264K), 12 survivors (12288K)
 Metaspace       used 51838K, capacity 53206K, committed 53456K, reserved 1095680K
  class space    used 6492K, capacity 7025K, committed 7040K, reserved 1048576K
}
Event: 9.140 GC heap after
{Heap after GC invocations=11 (full 0):
 garbage-first heap   total 233472K, used 25398K [0x0000000742000000, 0x0000000800000000)
  region size 1024K, 13 young (13312K), 13 survivors (13312K)
 Metaspace       used 51838K, capacity 53206K, committed 53456K, reserved 1095680K
  class space    used 6492K, capacity 7025K, committed 7040K, reserved 1048576K
}
Event: 124.991 GC heap before
{Heap before GC invocations=11 (full 0):
 garbage-first heap   total 233472K, used 72502K [0x0000000742000000, 0x0000000800000000)
  region size 1024K, 61 young (62464K), 13 survivors (13312K)
 Metaspace       used 57426K, capacity 58951K, committed 59088K, reserved 1101824K
  class space    used 7179K, capacity 7799K, committed 7808K, reserved 1048576K
}
Event: 125.101 GC heap after
{Heap after GC invocations=12 (full 1):
 garbage-first heap   total 92160K, used 24884K [0x0000000742000000, 0x0000000800000000)
  region size 1024K, 0 young (0K), 0 survivors (0K)
 Metaspace       used 57426K, capacity 58951K, committed 59088K, reserved 1101824K
  class space    used 7179K, capacity 7799K, committed 7808K, reserved 1048576K
}
Event: 127.301 GC heap before
{Heap before GC invocations=12 (full 1):
 garbage-first heap   total 92160K, used 69940K [0x0000000742000000, 0x0000000800000000)
  region size 1024K, 44 young (45056K), 0 survivors (0K)
 Metaspace       used 57465K, capacity 58991K, committed 59216K, reserved 1101824K
  class space    used 7186K, capacity 7809K, committed 7936K, reserved 1048576K
}

